Arguments: 
  /Users/naranjon/.nvm/versions/node/v10.15.1/bin/node /usr/local/Cellar/yarn/1.13.0/libexec/bin/yarn.js

PATH: 
  /Users/naranjon/.nvm/versions/node/v10.15.1/bin:/usr/local/bin:/usr/local/sbin:/Users/naranjon/.nvm/versions/node/v10.15.1/bin:/usr/local/bin:/usr/local/sbin:/Library/Frameworks/Python.framework/Versions/3.9/bin:/usr/local/git/current/bin:/usr/local/bin:/usr/bin:/bin:/usr/local/sbin:/usr/sbin:/sbin:/Users/naranjon/bin:/Users/naranjon/bin:/Users/naranjon/scripts:/Users/naranjon/Library/Python/2.7/bin:/usr/local/lib/python2.7/site-packages:/Library/Python/2.7/bin:/Users/naranjon/Library/Python/3.7/bin:/usr/local/lib/python3.7/site-packages:/Library/Python/3.7/bin:/Users/naranjon/bin:/Users/naranjon/bin:/Users/naranjon/scripts:/Users/naranjon/Library/Python/2.7/bin:/usr/local/lib/python2.7/site-packages:/Library/Python/2.7/bin:/Users/naranjon/Library/Python/3.7/bin:/usr/local/lib/python3.7/site-packages:/Library/Python/3.7/bin

Yarn version: 
  1.13.0

Node version: 
  10.15.1

Platform: 
  darwin x64

Trace: 
  SyntaxError: /Users/naranjon/Desktop/personal/meli-nico-test/package.json: Unexpected token / in JSON at position 403
      at JSON.parse (<anonymous>)
      at /usr/local/Cellar/yarn/1.13.0/libexec/lib/cli.js:1625:59
      at Generator.next (<anonymous>)
      at step (/usr/local/Cellar/yarn/1.13.0/libexec/lib/cli.js:304:30)
      at /usr/local/Cellar/yarn/1.13.0/libexec/lib/cli.js:315:13

npm manifest: 
  {
    "name": "meli-test",
    "version": "1.0.0",
    "description": "Test for reclutment process",
    "main": "main.js",
    "author": "Nicolas Naranjo Mejia",
    "license": "MIT",
    "private": true,
    "workspaces": [
      "front/*",
      "server/*"
    ],
    "scripts": {
      "server": "nodemon ./server/main.js",
      "install:server": "cd server & yarn install",
      "install:front": "cd front & yarn install",
     /*  "install": "yarn run install:server & yarn run install:front" */
    },
    "dependencies": {
      "yarn": "^1.22.10"
    }
  }

yarn manifest: 
  No manifest

Lockfile: 
  # THIS IS AN AUTOGENERATED FILE. DO NOT EDIT THIS FILE DIRECTLY.
  # yarn lockfile v1
  
  
  yarn@^1.22.10:
    version "1.22.10"
    resolved "https://registry.yarnpkg.com/yarn/-/yarn-1.22.10.tgz#c99daa06257c80f8fa2c3f1490724e394c26b18c"
    integrity sha512-IanQGI9RRPAN87VGTF7zs2uxkSyQSrSPsju0COgbsKQOOXr5LtcVPeyXWgwVa0ywG3d8dg6kSYKGBuYK021qeA==
